<?xml version="1.0" encoding="UTF-8"?>
<!-- Generated by org.testng.reporters.JUnitReportReporter -->
<testsuite hostname="tush" failures="0" tests="1" name="swd.GetAllGoogleAppNames" time="21.882" errors="0" timestamp="2023-01-03T14:19:28 IST" skipped="0">
  <testcase classname="swd.GetAllGoogleAppNames" name="navigateThroughTabsAndGetTitle" time="21.882"/>
  <system-out/>
</testsuite> <!-- swd.GetAllGoogleAppNames -->
