<?xml version="1.0" encoding="UTF-8"?>
<!-- Generated by org.testng.reporters.JUnitReportReporter -->
<testsuite hostname="tush" failures="0" tests="1" name="swd.NewTest" time="0.020" errors="0" timestamp="2023-01-02T22:35:54 IST" skipped="0">
  <testcase classname="swd.NewTest" name="f" time="0.020"/>
  <system-out/>
</testsuite> <!-- swd.NewTest -->
