<?xml version="1.0" encoding="UTF-8"?>
<!-- Generated by org.testng.reporters.JUnitReportReporter -->
<testsuite hostname="tush" failures="0" tests="1" name="swd.PepperfryTest" time="32.045" errors="0" timestamp="2023-01-02T23:00:50 IST" skipped="0">
  <testcase classname="swd.PepperfryTest" name="testPepperfrySearch" time="32.045"/>
  <system-out/>
</testsuite> <!-- swd.PepperfryTest -->
